  main.cpp
C:\Users\yair\Documents\GitHub\VkPrime\VkPrime\main.cpp(187,97): warning C4244: '-=': conversion from 'double' to 'T', possible loss of data
          with
          [
              T=float
          ]
C:\Users\yair\Documents\GitHub\VkPrime\VkPrime\main.cpp(188,97): warning C4244: '-=': conversion from 'double' to 'T', possible loss of data
          with
          [
              T=float
          ]
C:\Users\yair\Documents\GitHub\VkPrime\VkPrime\main.cpp(192,119): warning C4244: '-=': conversion from 'double' to 'T', possible loss of data
          with
          [
              T=float
          ]
C:\Users\yair\Documents\GitHub\VkPrime\VkPrime\main.cpp(193,119): warning C4244: '-=': conversion from 'double' to 'T', possible loss of data
          with
          [
              T=float
          ]
C:\Users\yair\Documents\GitHub\VkPrime\VkPrime\main.cpp(197,97): warning C4244: '+=': conversion from 'double' to 'T', possible loss of data
          with
          [
              T=float
          ]
C:\Users\yair\Documents\GitHub\VkPrime\VkPrime\main.cpp(198,97): warning C4244: '+=': conversion from 'double' to 'T', possible loss of data
          with
          [
              T=float
          ]
C:\Users\yair\Documents\GitHub\VkPrime\VkPrime\main.cpp(202,119): warning C4244: '-=': conversion from 'double' to 'T', possible loss of data
          with
          [
              T=float
          ]
C:\Users\yair\Documents\GitHub\VkPrime\VkPrime\main.cpp(203,119): warning C4244: '-=': conversion from 'double' to 'T', possible loss of data
          with
          [
              T=float
          ]
C:\Users\yair\Documents\GitHub\VkPrime\VkPrime\main.cpp(487,63): warning C4244: '=': conversion from 'double' to 'T', possible loss of data
          with
          [
              T=float
          ]
C:\Users\yair\Documents\GitHub\VkPrime\VkPrime\main.cpp(488,26): warning C4244: '=': conversion from 'double' to 'T', possible loss of data
          with
          [
              T=float
          ]
C:\Users\yair\Documents\GitHub\VkPrime\VkPrime\main.cpp(489,63): warning C4244: '=': conversion from 'double' to 'T', possible loss of data
          with
          [
              T=float
          ]
C:\Users\yair\Documents\GitHub\VkPrime\VkPrime\main.cpp(881,1): warning C4267: '=': conversion from 'size_t' to 'uint32_t', possible loss of data
C:\Users\yair\Documents\GitHub\VkPrime\VkPrime\main.cpp(1560,24): warning C4244: 'initializing': conversion from 'std::streamoff' to 'int', possible loss of data
C:\Users\yair\Documents\GitHub\VkPrime\VkPrime\main.cpp(1674,1): warning C4267: 'initializing': conversion from 'size_t' to 'uint32_t', possible loss of data
C:\Users\yair\Documents\GitHub\VkPrime\VkPrime\main.cpp(1722,43): warning C4018: '<': signed/unsigned mismatch
C:\Users\yair\Documents\GitHub\VkPrime\VkPrime\main.cpp(1743,49): warning C4018: '<': signed/unsigned mismatch
C:\Users\yair\Documents\GitHub\VkPrime\VkPrime\main.cpp(1752,49): warning C4018: '<': signed/unsigned mismatch
C:\Users\yair\Documents\GitHub\VkPrime\VkPrime\main.cpp(1763,49): warning C4018: '<': signed/unsigned mismatch
C:\Users\yair\Documents\GitHub\VkPrime\VkPrime\main.cpp(1839,53): warning C4018: '<': signed/unsigned mismatch
C:\Users\yair\Documents\GitHub\VkPrime\VkPrime\main.cpp(1875,49): warning C4018: '<': signed/unsigned mismatch
C:\Users\yair\Documents\GitHub\VkPrime\VkPrime\main.cpp(1903,47): warning C4018: '<': signed/unsigned mismatch
C:\Users\yair\Documents\GitHub\VkPrime\VkPrime\main.cpp(2009,43): warning C4018: '<': signed/unsigned mismatch
C:\Users\yair\Documents\GitHub\VkPrime\VkPrime\main.cpp(2023,57): warning C4018: '<': signed/unsigned mismatch
C:\Users\yair\Documents\GitHub\VkPrime\VkPrime\main.cpp(2243,1): warning C4267: '=': conversion from 'size_t' to 'uint32_t', possible loss of data
C:\Users\yair\Documents\GitHub\VkPrime\VkPrime\main.cpp(2244,1): warning C4267: '=': conversion from 'size_t' to 'uint32_t', possible loss of data
C:\Users\yair\Documents\GitHub\VkPrime\VkPrime\main.cpp(2249,1): warning C4267: '=': conversion from 'size_t' to 'uint32_t', possible loss of data
C:\Users\yair\Documents\GitHub\VkPrime\VkPrime\main.cpp(2300,49): warning C4244: 'initializing': conversion from 'std::streamoff' to 'uint32_t', possible loss of data
C:\Users\yair\Documents\GitHub\VkPrime\VkPrime\main.cpp(2578,1): warning C4267: '=': conversion from 'size_t' to 'uint32_t', possible loss of data
squish.lib(colourblockGCN.obj) : error LNK2038: mismatch detected for '_ITERATOR_DEBUG_LEVEL': value '2' doesn't match value '0' in main.obj
squish.lib(colourblockGCN.obj) : error LNK2038: mismatch detected for 'RuntimeLibrary': value 'MDd_DynamicDebug' doesn't match value 'MD_DynamicRelease' in main.obj
squish.lib(colourfit.obj) : error LNK2038: mismatch detected for '_ITERATOR_DEBUG_LEVEL': value '2' doesn't match value '0' in main.obj
squish.lib(colourfit.obj) : error LNK2038: mismatch detected for 'RuntimeLibrary': value 'MDd_DynamicDebug' doesn't match value 'MD_DynamicRelease' in main.obj
squish.lib(alpha.obj) : error LNK2038: mismatch detected for '_ITERATOR_DEBUG_LEVEL': value '2' doesn't match value '0' in main.obj
squish.lib(alpha.obj) : error LNK2038: mismatch detected for 'RuntimeLibrary': value 'MDd_DynamicDebug' doesn't match value 'MD_DynamicRelease' in main.obj
squish.lib(singlecolourfit.obj) : error LNK2038: mismatch detected for '_ITERATOR_DEBUG_LEVEL': value '2' doesn't match value '0' in main.obj
squish.lib(singlecolourfit.obj) : error LNK2038: mismatch detected for 'RuntimeLibrary': value 'MDd_DynamicDebug' doesn't match value 'MD_DynamicRelease' in main.obj
squish.lib(rangefit.obj) : error LNK2038: mismatch detected for '_ITERATOR_DEBUG_LEVEL': value '2' doesn't match value '0' in main.obj
squish.lib(rangefit.obj) : error LNK2038: mismatch detected for 'RuntimeLibrary': value 'MDd_DynamicDebug' doesn't match value 'MD_DynamicRelease' in main.obj
squish.lib(clusterfit.obj) : error LNK2038: mismatch detected for '_ITERATOR_DEBUG_LEVEL': value '2' doesn't match value '0' in main.obj
squish.lib(clusterfit.obj) : error LNK2038: mismatch detected for 'RuntimeLibrary': value 'MDd_DynamicDebug' doesn't match value 'MD_DynamicRelease' in main.obj
squish.lib(colourset.obj) : error LNK2038: mismatch detected for '_ITERATOR_DEBUG_LEVEL': value '2' doesn't match value '0' in main.obj
squish.lib(colourset.obj) : error LNK2038: mismatch detected for 'RuntimeLibrary': value 'MDd_DynamicDebug' doesn't match value 'MD_DynamicRelease' in main.obj
squish.lib(colourblock.obj) : error LNK2038: mismatch detected for '_ITERATOR_DEBUG_LEVEL': value '2' doesn't match value '0' in main.obj
squish.lib(colourblock.obj) : error LNK2038: mismatch detected for 'RuntimeLibrary': value 'MDd_DynamicDebug' doesn't match value 'MD_DynamicRelease' in main.obj
squish.lib(maths.obj) : error LNK2038: mismatch detected for '_ITERATOR_DEBUG_LEVEL': value '2' doesn't match value '0' in main.obj
squish.lib(maths.obj) : error LNK2038: mismatch detected for 'RuntimeLibrary': value 'MDd_DynamicDebug' doesn't match value 'MD_DynamicRelease' in main.obj
LINK : warning LNK4098: defaultlib 'MSVCRTD' conflicts with use of other libs; use /NODEFAULTLIB:library
main.obj : error LNK2001: unresolved external symbol uncompress
C:\Users\yair\Documents\GitHub\VkPrime\x64\Release\VkPrime.exe : fatal error LNK1120: 1 unresolved externals
