  main.cpp
C:\Users\yair\Documents\GitHub\VkPrime\VkPrime\main.cpp(136,97): warning C4244: '-=': conversion from 'double' to 'T', possible loss of data
          with
          [
              T=float
          ]
C:\Users\yair\Documents\GitHub\VkPrime\VkPrime\main.cpp(137,97): warning C4244: '-=': conversion from 'double' to 'T', possible loss of data
          with
          [
              T=float
          ]
C:\Users\yair\Documents\GitHub\VkPrime\VkPrime\main.cpp(141,119): warning C4244: '-=': conversion from 'double' to 'T', possible loss of data
          with
          [
              T=float
          ]
C:\Users\yair\Documents\GitHub\VkPrime\VkPrime\main.cpp(142,119): warning C4244: '-=': conversion from 'double' to 'T', possible loss of data
          with
          [
              T=float
          ]
C:\Users\yair\Documents\GitHub\VkPrime\VkPrime\main.cpp(146,97): warning C4244: '+=': conversion from 'double' to 'T', possible loss of data
          with
          [
              T=float
          ]
C:\Users\yair\Documents\GitHub\VkPrime\VkPrime\main.cpp(147,97): warning C4244: '+=': conversion from 'double' to 'T', possible loss of data
          with
          [
              T=float
          ]
C:\Users\yair\Documents\GitHub\VkPrime\VkPrime\main.cpp(151,119): warning C4244: '-=': conversion from 'double' to 'T', possible loss of data
          with
          [
              T=float
          ]
C:\Users\yair\Documents\GitHub\VkPrime\VkPrime\main.cpp(152,119): warning C4244: '-=': conversion from 'double' to 'T', possible loss of data
          with
          [
              T=float
          ]
C:\Users\yair\Documents\GitHub\VkPrime\VkPrime\main.cpp(534,63): warning C4244: '=': conversion from 'double' to 'T', possible loss of data
          with
          [
              T=float
          ]
C:\Users\yair\Documents\GitHub\VkPrime\VkPrime\main.cpp(535,26): warning C4244: '=': conversion from 'double' to 'T', possible loss of data
          with
          [
              T=float
          ]
C:\Users\yair\Documents\GitHub\VkPrime\VkPrime\main.cpp(536,63): warning C4244: '=': conversion from 'double' to 'T', possible loss of data
          with
          [
              T=float
          ]
C:\Users\yair\Documents\GitHub\VkPrime\VkPrime\main.cpp(928,1): warning C4267: '=': conversion from 'size_t' to 'uint32_t', possible loss of data
C:\Users\yair\Documents\GitHub\VkPrime\VkPrime\main.cpp(1805,43): warning C4018: '<': signed/unsigned mismatch
C:\Users\yair\Documents\GitHub\VkPrime\VkPrime\main.cpp(1821,42): warning C4244: 'initializing': conversion from 'uint64_t' to 'uint32_t', possible loss of data
C:\Users\yair\Documents\GitHub\VkPrime\VkPrime\main.cpp(1826,49): warning C4018: '<': signed/unsigned mismatch
C:\Users\yair\Documents\GitHub\VkPrime\VkPrime\main.cpp(1835,49): warning C4018: '<': signed/unsigned mismatch
C:\Users\yair\Documents\GitHub\VkPrime\VkPrime\main.cpp(1846,49): warning C4018: '<': signed/unsigned mismatch
C:\Users\yair\Documents\GitHub\VkPrime\VkPrime\main.cpp(1853,60): warning C4244: 'initializing': conversion from 'uint64_t' to 'uint32_t', possible loss of data
C:\Users\yair\Documents\GitHub\VkPrime\VkPrime\main.cpp(1856,49): warning C4018: '<': signed/unsigned mismatch
C:\Users\yair\Documents\GitHub\VkPrime\VkPrime\main.cpp(1926,57): warning C4018: '<': signed/unsigned mismatch
C:\Users\yair\Documents\GitHub\VkPrime\VkPrime\main.cpp(1962,53): warning C4018: '<': signed/unsigned mismatch
C:\Users\yair\Documents\GitHub\VkPrime\VkPrime\main.cpp(1983,47): warning C4018: '<': signed/unsigned mismatch
C:\Users\yair\Documents\GitHub\VkPrime\VkPrime\main.cpp(1989,35): warning C4244: '=': conversion from 'uint64_t' to 'uint32_t', possible loss of data
C:\Users\yair\Documents\GitHub\VkPrime\VkPrime\main.cpp(2077,43): warning C4018: '<': signed/unsigned mismatch
C:\Users\yair\Documents\GitHub\VkPrime\VkPrime\main.cpp(2091,57): warning C4018: '<': signed/unsigned mismatch
C:\Users\yair\Documents\GitHub\VkPrime\VkPrime\main.cpp(2451,49): warning C4244: 'initializing': conversion from 'std::streamoff' to 'uint32_t', possible loss of data
C:\Users\yair\Documents\GitHub\VkPrime\VkPrime\main.cpp(2196,42): warning C4101: 'uvc4_vIndex': unreferenced local variable
C:\Users\yair\Documents\GitHub\VkPrime\VkPrime\main.cpp(2195,42): warning C4101: 'uvc3_vIndex': unreferenced local variable
C:\Users\yair\Documents\GitHub\VkPrime\VkPrime\main.cpp(2197,42): warning C4101: 'uvc5_vIndex': unreferenced local variable
C:\Users\yair\Documents\GitHub\VkPrime\VkPrime\main.cpp(2198,42): warning C4101: 'uvc6_vIndex': unreferenced local variable
C:\Users\yair\Documents\GitHub\VkPrime\VkPrime\main.cpp(2199,42): warning C4101: 'uvc7_vIndex': unreferenced local variable
C:\Users\yair\Documents\GitHub\VkPrime\VkPrime\main.cpp(2653,27): warning C4018: '<': signed/unsigned mismatch
C:\Users\yair\Documents\GitHub\VkPrime\VkPrime\main.cpp(2683,27): warning C4018: '<': signed/unsigned mismatch
C:\Users\yair\Documents\GitHub\VkPrime\VkPrime\main.cpp(2780,1): warning C4267: '=': conversion from 'size_t' to 'uint32_t', possible loss of data
C:\Users\yair\Documents\GitHub\VkPrime\VkPrime\main.cpp(2970,56): warning C4244: 'argument': conversion from 'VkDeviceSize' to 'uint32_t', possible loss of data
  VkPrime.vcxproj -> C:\Users\yair\Documents\GitHub\VkPrime\x64\Debug\VkPrime.exe
