main.obj : error LNK2019: unresolved external symbol _vkCreateInstance@12 referenced in function "private: void __thiscall HelloTriangleApplication::createInstance(void)" (?createInstance@HelloTriangleApplication@@AAEXXZ)
main.obj : error LNK2019: unresolved external symbol _vkDestroyInstance@8 referenced in function "private: void __thiscall HelloTriangleApplication::cleanup(void)" (?cleanup@HelloTriangleApplication@@AAEXXZ)
main.obj : error LNK2019: unresolved external symbol _vkEnumeratePhysicalDevices@12 referenced in function "private: void __thiscall HelloTriangleApplication::pickPhysicalDevice(void)" (?pickPhysicalDevice@HelloTriangleApplication@@AAEXXZ)
main.obj : error LNK2019: unresolved external symbol _vkGetPhysicalDeviceFeatures@8 referenced in function "private: bool __thiscall HelloTriangleApplication::isDeviceSuitable(struct VkPhysicalDevice_T *)" (?isDeviceSuitable@HelloTriangleApplication@@AAE_NPAUVkPhysicalDevice_T@@@Z)
main.obj : error LNK2019: unresolved external symbol _vkGetPhysicalDeviceFormatProperties@12 referenced in function "private: enum VkFormat __thiscall HelloTriangleApplication::findSupportedFormat(class std::vector<enum VkFormat,class std::allocator<enum VkFormat> > const &,enum VkImageTiling,unsigned int)" (?findSupportedFormat@HelloTriangleApplication@@AAE?AW4VkFormat@@ABV?$vector@W4VkFormat@@V?$allocator@W4VkFormat@@@std@@@std@@W4VkImageTiling@@I@Z)
main.obj : error LNK2019: unresolved external symbol _vkGetPhysicalDeviceProperties@8 referenced in function "private: enum VkSampleCountFlagBits __thiscall HelloTriangleApplication::getMaxUsableSampleCount(void)" (?getMaxUsableSampleCount@HelloTriangleApplication@@AAE?AW4VkSampleCountFlagBits@@XZ)
main.obj : error LNK2019: unresolved external symbol _vkGetPhysicalDeviceQueueFamilyProperties@12 referenced in function "private: struct QueueFamilyIndices __thiscall HelloTriangleApplication::findQueueFamilies(struct VkPhysicalDevice_T *)" (?findQueueFamilies@HelloTriangleApplication@@AAE?AUQueueFamilyIndices@@PAUVkPhysicalDevice_T@@@Z)
main.obj : error LNK2019: unresolved external symbol _vkGetPhysicalDeviceMemoryProperties@8 referenced in function "private: unsigned int __thiscall HelloTriangleApplication::findMemoryType(unsigned int,unsigned int)" (?findMemoryType@HelloTriangleApplication@@AAEIII@Z)
main.obj : error LNK2019: unresolved external symbol _vkGetInstanceProcAddr@8 referenced in function "enum VkResult __cdecl CreateDebugUtilsMessengerEXT(struct VkInstance_T *,struct VkDebugUtilsMessengerCreateInfoEXT const *,struct VkAllocationCallbacks const *,unsigned __int64 *)" (?CreateDebugUtilsMessengerEXT@@YA?AW4VkResult@@PAUVkInstance_T@@PBUVkDebugUtilsMessengerCreateInfoEXT@@PBUVkAllocationCallbacks@@PA_K@Z)
main.obj : error LNK2019: unresolved external symbol _vkCreateDevice@16 referenced in function "private: void __thiscall HelloTriangleApplication::createLogicalDevice(void)" (?createLogicalDevice@HelloTriangleApplication@@AAEXXZ)
main.obj : error LNK2019: unresolved external symbol _vkDestroyDevice@8 referenced in function "private: void __thiscall HelloTriangleApplication::cleanup(void)" (?cleanup@HelloTriangleApplication@@AAEXXZ)
main.obj : error LNK2019: unresolved external symbol _vkEnumerateDeviceExtensionProperties@16 referenced in function "private: bool __thiscall HelloTriangleApplication::checkDeviceExtensionSupport(struct VkPhysicalDevice_T *)" (?checkDeviceExtensionSupport@HelloTriangleApplication@@AAE_NPAUVkPhysicalDevice_T@@@Z)
main.obj : error LNK2019: unresolved external symbol _vkEnumerateInstanceLayerProperties@8 referenced in function "private: bool __thiscall HelloTriangleApplication::checkValidationLayerSupport(void)" (?checkValidationLayerSupport@HelloTriangleApplication@@AAE_NXZ)
main.obj : error LNK2019: unresolved external symbol _vkGetDeviceQueue@16 referenced in function "private: void __thiscall HelloTriangleApplication::createLogicalDevice(void)" (?createLogicalDevice@HelloTriangleApplication@@AAEXXZ)
main.obj : error LNK2019: unresolved external symbol _vkQueueSubmit@20 referenced in function "private: void __thiscall HelloTriangleApplication::drawFrame(void)" (?drawFrame@HelloTriangleApplication@@AAEXXZ)
main.obj : error LNK2019: unresolved external symbol _vkQueueWaitIdle@4 referenced in function "private: void __thiscall HelloTriangleApplication::endSingleTimeCommands(struct VkCommandBuffer_T *)" (?endSingleTimeCommands@HelloTriangleApplication@@AAEXPAUVkCommandBuffer_T@@@Z)
main.obj : error LNK2019: unresolved external symbol _vkDeviceWaitIdle@4 referenced in function "private: void __thiscall HelloTriangleApplication::mainLoop(void)" (?mainLoop@HelloTriangleApplication@@AAEXXZ)
main.obj : error LNK2019: unresolved external symbol _vkAllocateMemory@16 referenced in function "private: void __thiscall HelloTriangleApplication::createBuffer(unsigned __int64,unsigned int,unsigned int,unsigned __int64 &,unsigned __int64 &)" (?createBuffer@HelloTriangleApplication@@AAEX_KIIAA_K1@Z)
main.obj : error LNK2019: unresolved external symbol _vkFreeMemory@16 referenced in function "private: void __thiscall HelloTriangleApplication::cleanup(void)" (?cleanup@HelloTriangleApplication@@AAEXXZ)
main.obj : error LNK2019: unresolved external symbol _vkMapMemory@36 referenced in function "private: void __thiscall HelloTriangleApplication::createIndexBuffer(void)" (?createIndexBuffer@HelloTriangleApplication@@AAEXXZ)
main.obj : error LNK2019: unresolved external symbol _vkUnmapMemory@12 referenced in function "private: void __thiscall HelloTriangleApplication::createIndexBuffer(void)" (?createIndexBuffer@HelloTriangleApplication@@AAEXXZ)
main.obj : error LNK2019: unresolved external symbol _vkBindBufferMemory@28 referenced in function "private: void __thiscall HelloTriangleApplication::createBuffer(unsigned __int64,unsigned int,unsigned int,unsigned __int64 &,unsigned __int64 &)" (?createBuffer@HelloTriangleApplication@@AAEX_KIIAA_K1@Z)
main.obj : error LNK2019: unresolved external symbol _vkBindImageMemory@28 referenced in function "private: void __thiscall HelloTriangleApplication::createImage(unsigned int,unsigned int,unsigned int,enum VkSampleCountFlagBits,enum VkFormat,enum VkImageTiling,unsigned int,unsigned int,unsigned __int64 &,unsigned __int64 &)" (?createImage@HelloTriangleApplication@@AAEXIIIW4VkSampleCountFlagBits@@W4VkFormat@@W4VkImageTiling@@IIAA_K3@Z)
main.obj : error LNK2019: unresolved external symbol _vkGetBufferMemoryRequirements@16 referenced in function "private: void __thiscall HelloTriangleApplication::createBuffer(unsigned __int64,unsigned int,unsigned int,unsigned __int64 &,unsigned __int64 &)" (?createBuffer@HelloTriangleApplication@@AAEX_KIIAA_K1@Z)
main.obj : error LNK2019: unresolved external symbol _vkGetImageMemoryRequirements@16 referenced in function "private: void __thiscall HelloTriangleApplication::createImage(unsigned int,unsigned int,unsigned int,enum VkSampleCountFlagBits,enum VkFormat,enum VkImageTiling,unsigned int,unsigned int,unsigned __int64 &,unsigned __int64 &)" (?createImage@HelloTriangleApplication@@AAEXIIIW4VkSampleCountFlagBits@@W4VkFormat@@W4VkImageTiling@@IIAA_K3@Z)
main.obj : error LNK2019: unresolved external symbol _vkCreateFence@16 referenced in function "private: void __thiscall HelloTriangleApplication::createSyncObjects(void)" (?createSyncObjects@HelloTriangleApplication@@AAEXXZ)
main.obj : error LNK2019: unresolved external symbol _vkDestroyFence@16 referenced in function "private: void __thiscall HelloTriangleApplication::cleanup(void)" (?cleanup@HelloTriangleApplication@@AAEXXZ)
main.obj : error LNK2019: unresolved external symbol _vkResetFences@12 referenced in function "private: void __thiscall HelloTriangleApplication::drawFrame(void)" (?drawFrame@HelloTriangleApplication@@AAEXXZ)
main.obj : error LNK2019: unresolved external symbol _vkWaitForFences@24 referenced in function "private: void __thiscall HelloTriangleApplication::drawFrame(void)" (?drawFrame@HelloTriangleApplication@@AAEXXZ)
main.obj : error LNK2019: unresolved external symbol _vkCreateSemaphore@16 referenced in function "private: void __thiscall HelloTriangleApplication::createSyncObjects(void)" (?createSyncObjects@HelloTriangleApplication@@AAEXXZ)
main.obj : error LNK2019: unresolved external symbol _vkDestroySemaphore@16 referenced in function "private: void __thiscall HelloTriangleApplication::cleanup(void)" (?cleanup@HelloTriangleApplication@@AAEXXZ)
main.obj : error LNK2019: unresolved external symbol _vkCreateBuffer@16 referenced in function "private: void __thiscall HelloTriangleApplication::createBuffer(unsigned __int64,unsigned int,unsigned int,unsigned __int64 &,unsigned __int64 &)" (?createBuffer@HelloTriangleApplication@@AAEX_KIIAA_K1@Z)
main.obj : error LNK2019: unresolved external symbol _vkDestroyBuffer@16 referenced in function "private: void __thiscall HelloTriangleApplication::cleanup(void)" (?cleanup@HelloTriangleApplication@@AAEXXZ)
main.obj : error LNK2019: unresolved external symbol _vkCreateImage@16 referenced in function "private: void __thiscall HelloTriangleApplication::createImage(unsigned int,unsigned int,unsigned int,enum VkSampleCountFlagBits,enum VkFormat,enum VkImageTiling,unsigned int,unsigned int,unsigned __int64 &,unsigned __int64 &)" (?createImage@HelloTriangleApplication@@AAEXIIIW4VkSampleCountFlagBits@@W4VkFormat@@W4VkImageTiling@@IIAA_K3@Z)
main.obj : error LNK2019: unresolved external symbol _vkDestroyImage@16 referenced in function "private: void __thiscall HelloTriangleApplication::cleanup(void)" (?cleanup@HelloTriangleApplication@@AAEXXZ)
main.obj : error LNK2019: unresolved external symbol _vkCreateImageView@16 referenced in function "private: unsigned __int64 __thiscall HelloTriangleApplication::createImageView(unsigned __int64,enum VkFormat,unsigned int,unsigned int)" (?createImageView@HelloTriangleApplication@@AAE_K_KW4VkFormat@@II@Z)
main.obj : error LNK2019: unresolved external symbol _vkDestroyImageView@16 referenced in function "private: void __thiscall HelloTriangleApplication::cleanup(void)" (?cleanup@HelloTriangleApplication@@AAEXXZ)
main.obj : error LNK2019: unresolved external symbol _vkCreateShaderModule@16 referenced in function "private: unsigned __int64 __thiscall HelloTriangleApplication::createShaderModule(class std::vector<char,class std::allocator<char> > const &)" (?createShaderModule@HelloTriangleApplication@@AAE_KABV?$vector@DV?$allocator@D@std@@@std@@@Z)
main.obj : error LNK2019: unresolved external symbol _vkDestroyShaderModule@16 referenced in function "private: void __thiscall HelloTriangleApplication::createGraphicsPipeline(void)" (?createGraphicsPipeline@HelloTriangleApplication@@AAEXXZ)
main.obj : error LNK2019: unresolved external symbol _vkCreateGraphicsPipelines@28 referenced in function "private: void __thiscall HelloTriangleApplication::createGraphicsPipeline(void)" (?createGraphicsPipeline@HelloTriangleApplication@@AAEXXZ)
main.obj : error LNK2019: unresolved external symbol _vkDestroyPipeline@16 referenced in function "private: void __thiscall HelloTriangleApplication::cleanupSwapChain(void)" (?cleanupSwapChain@HelloTriangleApplication@@AAEXXZ)
main.obj : error LNK2019: unresolved external symbol _vkCreatePipelineLayout@16 referenced in function "private: void __thiscall HelloTriangleApplication::createGraphicsPipeline(void)" (?createGraphicsPipeline@HelloTriangleApplication@@AAEXXZ)
main.obj : error LNK2019: unresolved external symbol _vkDestroyPipelineLayout@16 referenced in function "private: void __thiscall HelloTriangleApplication::cleanupSwapChain(void)" (?cleanupSwapChain@HelloTriangleApplication@@AAEXXZ)
main.obj : error LNK2019: unresolved external symbol _vkCreateSampler@16 referenced in function "private: void __thiscall HelloTriangleApplication::createTextureSampler(void)" (?createTextureSampler@HelloTriangleApplication@@AAEXXZ)
main.obj : error LNK2019: unresolved external symbol _vkDestroySampler@16 referenced in function "private: void __thiscall HelloTriangleApplication::cleanup(void)" (?cleanup@HelloTriangleApplication@@AAEXXZ)
main.obj : error LNK2019: unresolved external symbol _vkCreateDescriptorSetLayout@16 referenced in function "private: void __thiscall HelloTriangleApplication::createDescriptorSetLayout(void)" (?createDescriptorSetLayout@HelloTriangleApplication@@AAEXXZ)
main.obj : error LNK2019: unresolved external symbol _vkDestroyDescriptorSetLayout@16 referenced in function "private: void __thiscall HelloTriangleApplication::cleanup(void)" (?cleanup@HelloTriangleApplication@@AAEXXZ)
main.obj : error LNK2019: unresolved external symbol _vkCreateDescriptorPool@16 referenced in function "private: void __thiscall HelloTriangleApplication::createDescriptorPool(void)" (?createDescriptorPool@HelloTriangleApplication@@AAEXXZ)
main.obj : error LNK2019: unresolved external symbol _vkDestroyDescriptorPool@16 referenced in function "private: void __thiscall HelloTriangleApplication::cleanupSwapChain(void)" (?cleanupSwapChain@HelloTriangleApplication@@AAEXXZ)
main.obj : error LNK2019: unresolved external symbol _vkAllocateDescriptorSets@12 referenced in function "private: void __thiscall HelloTriangleApplication::createDescriptorSets(void)" (?createDescriptorSets@HelloTriangleApplication@@AAEXXZ)
main.obj : error LNK2019: unresolved external symbol _vkUpdateDescriptorSets@20 referenced in function "private: void __thiscall HelloTriangleApplication::createDescriptorSets(void)" (?createDescriptorSets@HelloTriangleApplication@@AAEXXZ)
main.obj : error LNK2019: unresolved external symbol _vkCreateFramebuffer@16 referenced in function "private: void __thiscall HelloTriangleApplication::createFramebuffers(void)" (?createFramebuffers@HelloTriangleApplication@@AAEXXZ)
main.obj : error LNK2019: unresolved external symbol _vkDestroyFramebuffer@16 referenced in function "private: void __thiscall HelloTriangleApplication::cleanupSwapChain(void)" (?cleanupSwapChain@HelloTriangleApplication@@AAEXXZ)
main.obj : error LNK2019: unresolved external symbol _vkCreateRenderPass@16 referenced in function "private: void __thiscall HelloTriangleApplication::createRenderPass(void)" (?createRenderPass@HelloTriangleApplication@@AAEXXZ)
main.obj : error LNK2019: unresolved external symbol _vkDestroyRenderPass@16 referenced in function "private: void __thiscall HelloTriangleApplication::cleanupSwapChain(void)" (?cleanupSwapChain@HelloTriangleApplication@@AAEXXZ)
main.obj : error LNK2019: unresolved external symbol _vkCreateCommandPool@16 referenced in function "private: void __thiscall HelloTriangleApplication::createCommandPool(void)" (?createCommandPool@HelloTriangleApplication@@AAEXXZ)
main.obj : error LNK2019: unresolved external symbol _vkDestroyCommandPool@16 referenced in function "private: void __thiscall HelloTriangleApplication::cleanup(void)" (?cleanup@HelloTriangleApplication@@AAEXXZ)
main.obj : error LNK2019: unresolved external symbol _vkAllocateCommandBuffers@12 referenced in function "private: struct VkCommandBuffer_T * __thiscall HelloTriangleApplication::beginSingleTimeCommands(void)" (?beginSingleTimeCommands@HelloTriangleApplication@@AAEPAUVkCommandBuffer_T@@XZ)
main.obj : error LNK2019: unresolved external symbol _vkFreeCommandBuffers@20 referenced in function "private: void __thiscall HelloTriangleApplication::cleanupSwapChain(void)" (?cleanupSwapChain@HelloTriangleApplication@@AAEXXZ)
main.obj : error LNK2019: unresolved external symbol _vkBeginCommandBuffer@8 referenced in function "private: struct VkCommandBuffer_T * __thiscall HelloTriangleApplication::beginSingleTimeCommands(void)" (?beginSingleTimeCommands@HelloTriangleApplication@@AAEPAUVkCommandBuffer_T@@XZ)
main.obj : error LNK2019: unresolved external symbol _vkEndCommandBuffer@4 referenced in function "private: void __thiscall HelloTriangleApplication::createCommandBuffers(void)" (?createCommandBuffers@HelloTriangleApplication@@AAEXXZ)
main.obj : error LNK2019: unresolved external symbol _vkCmdBindPipeline@16 referenced in function "private: void __thiscall HelloTriangleApplication::createCommandBuffers(void)" (?createCommandBuffers@HelloTriangleApplication@@AAEXXZ)
main.obj : error LNK2019: unresolved external symbol _vkCmdBindDescriptorSets@36 referenced in function "private: void __thiscall HelloTriangleApplication::createCommandBuffers(void)" (?createCommandBuffers@HelloTriangleApplication@@AAEXXZ)
main.obj : error LNK2019: unresolved external symbol _vkCmdBindIndexBuffer@24 referenced in function "private: void __thiscall HelloTriangleApplication::createCommandBuffers(void)" (?createCommandBuffers@HelloTriangleApplication@@AAEXXZ)
main.obj : error LNK2019: unresolved external symbol _vkCmdBindVertexBuffers@20 referenced in function "private: void __thiscall HelloTriangleApplication::createCommandBuffers(void)" (?createCommandBuffers@HelloTriangleApplication@@AAEXXZ)
main.obj : error LNK2019: unresolved external symbol _vkCmdDrawIndexed@24 referenced in function "private: void __thiscall HelloTriangleApplication::createCommandBuffers(void)" (?createCommandBuffers@HelloTriangleApplication@@AAEXXZ)
main.obj : error LNK2019: unresolved external symbol _vkCmdCopyBuffer@28 referenced in function "private: void __thiscall HelloTriangleApplication::copyBuffer(unsigned __int64,unsigned __int64,unsigned __int64)" (?copyBuffer@HelloTriangleApplication@@AAEX_K00@Z)
main.obj : error LNK2019: unresolved external symbol _vkCmdBlitImage@40 referenced in function "private: void __thiscall HelloTriangleApplication::generateMipmaps(unsigned __int64,enum VkFormat,int,int,unsigned int)" (?generateMipmaps@HelloTriangleApplication@@AAEX_KW4VkFormat@@HHI@Z)
main.obj : error LNK2019: unresolved external symbol _vkCmdCopyBufferToImage@32 referenced in function "private: void __thiscall HelloTriangleApplication::copyBufferToImage(unsigned __int64,unsigned __int64,unsigned int,unsigned int)" (?copyBufferToImage@HelloTriangleApplication@@AAEX_K0II@Z)
main.obj : error LNK2019: unresolved external symbol _vkCmdPipelineBarrier@40 referenced in function "private: void __thiscall HelloTriangleApplication::generateMipmaps(unsigned __int64,enum VkFormat,int,int,unsigned int)" (?generateMipmaps@HelloTriangleApplication@@AAEX_KW4VkFormat@@HHI@Z)
main.obj : error LNK2019: unresolved external symbol _vkCmdBeginRenderPass@12 referenced in function "private: void __thiscall HelloTriangleApplication::createCommandBuffers(void)" (?createCommandBuffers@HelloTriangleApplication@@AAEXXZ)
main.obj : error LNK2019: unresolved external symbol _vkCmdEndRenderPass@4 referenced in function "private: void __thiscall HelloTriangleApplication::createCommandBuffers(void)" (?createCommandBuffers@HelloTriangleApplication@@AAEXXZ)
main.obj : error LNK2019: unresolved external symbol _vkDestroySurfaceKHR@16 referenced in function "private: void __thiscall HelloTriangleApplication::cleanup(void)" (?cleanup@HelloTriangleApplication@@AAEXXZ)
main.obj : error LNK2019: unresolved external symbol _vkGetPhysicalDeviceSurfaceSupportKHR@20 referenced in function "private: struct QueueFamilyIndices __thiscall HelloTriangleApplication::findQueueFamilies(struct VkPhysicalDevice_T *)" (?findQueueFamilies@HelloTriangleApplication@@AAE?AUQueueFamilyIndices@@PAUVkPhysicalDevice_T@@@Z)
main.obj : error LNK2019: unresolved external symbol _vkGetPhysicalDeviceSurfaceCapabilitiesKHR@16 referenced in function "private: struct SwapChainSupportDetails __thiscall HelloTriangleApplication::querySwapChainSupport(struct VkPhysicalDevice_T *)" (?querySwapChainSupport@HelloTriangleApplication@@AAE?AUSwapChainSupportDetails@@PAUVkPhysicalDevice_T@@@Z)
main.obj : error LNK2019: unresolved external symbol _vkGetPhysicalDeviceSurfaceFormatsKHR@20 referenced in function "private: struct SwapChainSupportDetails __thiscall HelloTriangleApplication::querySwapChainSupport(struct VkPhysicalDevice_T *)" (?querySwapChainSupport@HelloTriangleApplication@@AAE?AUSwapChainSupportDetails@@PAUVkPhysicalDevice_T@@@Z)
main.obj : error LNK2019: unresolved external symbol _vkGetPhysicalDeviceSurfacePresentModesKHR@20 referenced in function "private: struct SwapChainSupportDetails __thiscall HelloTriangleApplication::querySwapChainSupport(struct VkPhysicalDevice_T *)" (?querySwapChainSupport@HelloTriangleApplication@@AAE?AUSwapChainSupportDetails@@PAUVkPhysicalDevice_T@@@Z)
main.obj : error LNK2019: unresolved external symbol _vkCreateSwapchainKHR@16 referenced in function "private: void __thiscall HelloTriangleApplication::createSwapChain(void)" (?createSwapChain@HelloTriangleApplication@@AAEXXZ)
main.obj : error LNK2019: unresolved external symbol _vkDestroySwapchainKHR@16 referenced in function "private: void __thiscall HelloTriangleApplication::cleanupSwapChain(void)" (?cleanupSwapChain@HelloTriangleApplication@@AAEXXZ)
main.obj : error LNK2019: unresolved external symbol _vkGetSwapchainImagesKHR@20 referenced in function "private: void __thiscall HelloTriangleApplication::createSwapChain(void)" (?createSwapChain@HelloTriangleApplication@@AAEXXZ)
main.obj : error LNK2019: unresolved external symbol _vkAcquireNextImageKHR@40 referenced in function "private: void __thiscall HelloTriangleApplication::drawFrame(void)" (?drawFrame@HelloTriangleApplication@@AAEXXZ)
main.obj : error LNK2019: unresolved external symbol _vkQueuePresentKHR@8 referenced in function "private: void __thiscall HelloTriangleApplication::drawFrame(void)" (?drawFrame@HelloTriangleApplication@@AAEXXZ)
main.obj : error LNK2019: unresolved external symbol _glfwInit referenced in function "private: void __thiscall HelloTriangleApplication::initWindow(void)" (?initWindow@HelloTriangleApplication@@AAEXXZ)
main.obj : error LNK2019: unresolved external symbol _glfwTerminate referenced in function "private: void __thiscall HelloTriangleApplication::cleanup(void)" (?cleanup@HelloTriangleApplication@@AAEXXZ)
main.obj : error LNK2019: unresolved external symbol _glfwWindowHint referenced in function "private: void __thiscall HelloTriangleApplication::initWindow(void)" (?initWindow@HelloTriangleApplication@@AAEXXZ)
main.obj : error LNK2019: unresolved external symbol _glfwCreateWindow referenced in function "private: void __thiscall HelloTriangleApplication::initWindow(void)" (?initWindow@HelloTriangleApplication@@AAEXXZ)
main.obj : error LNK2019: unresolved external symbol _glfwDestroyWindow referenced in function "private: void __thiscall HelloTriangleApplication::cleanup(void)" (?cleanup@HelloTriangleApplication@@AAEXXZ)
main.obj : error LNK2019: unresolved external symbol _glfwWindowShouldClose referenced in function "private: void __thiscall HelloTriangleApplication::mainLoop(void)" (?mainLoop@HelloTriangleApplication@@AAEXXZ)
main.obj : error LNK2019: unresolved external symbol _glfwGetFramebufferSize referenced in function "private: struct VkExtent2D __thiscall HelloTriangleApplication::chooseSwapExtent(struct VkSurfaceCapabilitiesKHR const &)" (?chooseSwapExtent@HelloTriangleApplication@@AAE?AUVkExtent2D@@ABUVkSurfaceCapabilitiesKHR@@@Z)
main.obj : error LNK2019: unresolved external symbol _glfwSetWindowUserPointer referenced in function "private: void __thiscall HelloTriangleApplication::initWindow(void)" (?initWindow@HelloTriangleApplication@@AAEXXZ)
main.obj : error LNK2019: unresolved external symbol _glfwGetWindowUserPointer referenced in function "private: static void __cdecl HelloTriangleApplication::framebufferResizeCallback(struct GLFWwindow *,int,int)" (?framebufferResizeCallback@HelloTriangleApplication@@CAXPAUGLFWwindow@@HH@Z)
main.obj : error LNK2019: unresolved external symbol _glfwSetFramebufferSizeCallback referenced in function "private: void __thiscall HelloTriangleApplication::initWindow(void)" (?initWindow@HelloTriangleApplication@@AAEXXZ)
main.obj : error LNK2019: unresolved external symbol _glfwPollEvents referenced in function "private: void __thiscall HelloTriangleApplication::mainLoop(void)" (?mainLoop@HelloTriangleApplication@@AAEXXZ)
main.obj : error LNK2019: unresolved external symbol _glfwWaitEvents referenced in function "private: void __thiscall HelloTriangleApplication::recreateSwapChain(void)" (?recreateSwapChain@HelloTriangleApplication@@AAEXXZ)
main.obj : error LNK2019: unresolved external symbol _glfwSetInputMode referenced in function "private: void __thiscall HelloTriangleApplication::createSurface(void)" (?createSurface@HelloTriangleApplication@@AAEXXZ)
main.obj : error LNK2019: unresolved external symbol _glfwGetCursorPos referenced in function "private: void __thiscall HelloTriangleApplication::mainLoop(void)" (?mainLoop@HelloTriangleApplication@@AAEXXZ)
main.obj : error LNK2019: unresolved external symbol _glfwSetKeyCallback referenced in function "private: void __thiscall HelloTriangleApplication::createSurface(void)" (?createSurface@HelloTriangleApplication@@AAEXXZ)
main.obj : error LNK2019: unresolved external symbol _glfwGetRequiredInstanceExtensions referenced in function "private: class std::vector<char const *,class std::allocator<char const *> > __thiscall HelloTriangleApplication::getRequiredExtensions(void)" (?getRequiredExtensions@HelloTriangleApplication@@AAE?AV?$vector@PBDV?$allocator@PBD@std@@@std@@XZ)
main.obj : error LNK2019: unresolved external symbol _glfwCreateWindowSurface referenced in function "private: void __thiscall HelloTriangleApplication::createSurface(void)" (?createSurface@HelloTriangleApplication@@AAEXXZ)
main.obj : error LNK2019: unresolved external symbol "public: __thiscall squish::ColourSet::ColourSet(unsigned char const *,int,int)" (??0ColourSet@squish@@QAE@PBEHH@Z) referenced in function "void __cdecl squish::CompressMasked(unsigned char const *,int,void *,int,float *)" (?CompressMasked@squish@@YAXPBEHPAXHPAM@Z)
main.obj : error LNK2019: unresolved external symbol "public: virtual __thiscall squish::ColourFit::~ColourFit(void)" (??1ColourFit@squish@@UAE@XZ) referenced in function "public: virtual __thiscall squish::ClusterFit::~ClusterFit(void)" (??1ClusterFit@squish@@UAE@XZ)
main.obj : error LNK2019: unresolved external symbol "public: void __thiscall squish::ColourFit::Compress(void *)" (?Compress@ColourFit@squish@@QAEXPAX@Z) referenced in function "void __cdecl squish::CompressMasked(unsigned char const *,int,void *,int,float *)" (?CompressMasked@squish@@YAXPBEHPAXHPAM@Z)
main.obj : error LNK2019: unresolved external symbol "public: __thiscall squish::RangeFit::RangeFit(class squish::ColourSet const *,int,float *)" (??0RangeFit@squish@@QAE@PBVColourSet@1@HPAM@Z) referenced in function "void __cdecl squish::CompressMasked(unsigned char const *,int,void *,int,float *)" (?CompressMasked@squish@@YAXPBEHPAXHPAM@Z)
main.obj : error LNK2019: unresolved external symbol "public: __thiscall squish::ClusterFit::ClusterFit(class squish::ColourSet const *,int,float *)" (??0ClusterFit@squish@@QAE@PBVColourSet@1@HPAM@Z) referenced in function "void __cdecl squish::CompressMasked(unsigned char const *,int,void *,int,float *)" (?CompressMasked@squish@@YAXPBEHPAXHPAM@Z)
main.obj : error LNK2019: unresolved external symbol "void __cdecl squish::DecompressColour(unsigned char *,void const *,bool)" (?DecompressColour@squish@@YAXPAEPBX_N@Z) referenced in function "void __cdecl squish::Decompress(unsigned char *,void const *,int)" (?Decompress@squish@@YAXPAEPBXH@Z)
main.obj : error LNK2019: unresolved external symbol "void __cdecl squish::DecompressColourGCN(unsigned char *,void const *)" (?DecompressColourGCN@squish@@YAXPAEPBX@Z) referenced in function "void __cdecl squish::Decompress(unsigned char *,void const *,int)" (?Decompress@squish@@YAXPAEPBXH@Z)
main.obj : error LNK2019: unresolved external symbol "void __cdecl squish::CompressAlphaDxt3(unsigned char const *,int,void *)" (?CompressAlphaDxt3@squish@@YAXPBEHPAX@Z) referenced in function "void __cdecl squish::CompressMasked(unsigned char const *,int,void *,int,float *)" (?CompressMasked@squish@@YAXPBEHPAXHPAM@Z)
main.obj : error LNK2019: unresolved external symbol "void __cdecl squish::CompressAlphaDxt5(unsigned char const *,int,void *)" (?CompressAlphaDxt5@squish@@YAXPBEHPAX@Z) referenced in function "void __cdecl squish::CompressMasked(unsigned char const *,int,void *,int,float *)" (?CompressMasked@squish@@YAXPBEHPAXHPAM@Z)
main.obj : error LNK2019: unresolved external symbol "void __cdecl squish::DecompressAlphaDxt3(unsigned char *,void const *)" (?DecompressAlphaDxt3@squish@@YAXPAEPBX@Z) referenced in function "void __cdecl squish::Decompress(unsigned char *,void const *,int)" (?Decompress@squish@@YAXPAEPBXH@Z)
main.obj : error LNK2019: unresolved external symbol "void __cdecl squish::DecompressAlphaDxt5(unsigned char *,void const *)" (?DecompressAlphaDxt5@squish@@YAXPAEPBX@Z) referenced in function "void __cdecl squish::Decompress(unsigned char *,void const *,int)" (?Decompress@squish@@YAXPAEPBXH@Z)
main.obj : error LNK2019: unresolved external symbol "public: __thiscall squish::SingleColourFit::SingleColourFit(class squish::ColourSet const *,int)" (??0SingleColourFit@squish@@QAE@PBVColourSet@1@H@Z) referenced in function "void __cdecl squish::CompressMasked(unsigned char const *,int,void *,int,float *)" (?CompressMasked@squish@@YAXPBEHPAXHPAM@Z)
main.obj : error LNK2019: unresolved external symbol _uncompress referenced in function "private: void __thiscall HelloTriangleApplication::loadPak(class std::basic_string<char,struct std::char_traits<char>,class std::allocator<char> >)" (?loadPak@HelloTriangleApplication@@AAEXV?$basic_string@DU?$char_traits@D@std@@V?$allocator@D@2@@std@@@Z)
C:\Users\yair\Documents\Visual Studio 2019\Libraries\glfw-3.3.2.bin.WIN64\lib-vc2019\glfw3.lib : warning LNK4272: library machine type 'x64' conflicts with target machine type 'x86'
C:\VulkanSDK\1.2.135.0\Lib\vulkan-1.lib : warning LNK4272: library machine type 'x64' conflicts with target machine type 'x86'
C:\Users\yair\Documents\Visual Studio 2019\Libraries\libSquish-master\Debug\squish.lib : warning LNK4272: library machine type 'x64' conflicts with target machine type 'x86'
C:\Users\yair\Documents\GitHub\VkPrime\Debug\VkPrime.exe : fatal error LNK1120: 112 unresolved externals
